2026-07-08 08:39:38 | INFO     | root                 | Logging configured. Level: INFO, File: logs\app_20260708_083938.log
2026-07-08 08:39:38 | INFO     | NiceGuiRecoApp       | Initializing Real-Time Computer Vision Platform infrastructure...
2026-07-08 08:39:38 | ERROR    | services.mediapipe_service | MediaPipe library is not installed or import failed. Using mock fallbacks.
2026-07-08 08:39:38 | WARNING  | services.insightface_service | InsightFace is not installed. Falling back to Mock Embeddings.
2026-07-08 08:39:38 | INFO     | services.similarity  | SimilarityService initialized with strategy: CosineSimilarityStrategy
2026-07-08 08:39:38 | INFO     | services.face_verification | FaceVerificationService initialized with threshold: 0.75
2026-07-08 08:39:39 | INFO     | services.camera      | Opening camera source: 0
2026-07-08 08:39:41 | INFO     | services.camera      | Camera opened successfully. Resolution configured to 640x480 (requested 640x480)
2026-07-08 08:39:41 | INFO     | NiceGuiRecoApp       | Starting CV frame processing loop task at target delay of 0.033s (Max FPS: 30)
2026-07-08 08:39:41 | INFO     | web.websocket_manager | New WebSocket connection registered. Total clients: 1
2026-07-08 08:39:41 | INFO     | web.websocket_manager | New WebSocket connection registered. Total clients: 2
2026-07-08 08:39:41 | ERROR    | nicegui              | 'AppConfig' object has no attribute 'web'
  + Exception Group Traceback (most recent call last):
  |   File "C:\Users\User\PycharmProjects\NiceGuiReco\.venv\Lib\site-packages\starlette\_utils.py", line 85, in create_collapsing_task_group
  |     async with anyio.create_task_group() as tg:
  |   File "C:\Users\User\PycharmProjects\NiceGuiReco\.venv\Lib\site-packages\anyio\_backends\_asyncio.py", line 811, in __aexit__
  |     raise BaseExceptionGroup(
  | ExceptionGroup: unhandled errors in a TaskGroup (1 sub-exception)
  +-+---------------- 1 ----------------
    | Traceback (most recent call last):
    |   File "C:\Users\User\PycharmProjects\NiceGuiReco\.venv\Lib\site-packages\starlette\middleware\errors.py", line 164, in __call__
    |     await self.app(scope, receive, _send)
    |   File "C:\Users\User\PycharmProjects\NiceGuiReco\.venv\Lib\site-packages\starlette\middleware\sessions.py", line 88, in __call__
    |     await self.app(scope, receive, send_wrapper)
    |   File "C:\Users\User\PycharmProjects\NiceGuiReco\.venv\Lib\site-packages\starlette\middleware\base.py", line 193, in __call__
    |     response = await self.dispatch_func(request, call_next)
    |                ^^^^^^^^^^^^^^^^^^^^^^^^^^^^^^^^^^^^^^^^^^^^
    |   File "C:\Users\User\PycharmProjects\NiceGuiReco\.venv\Lib\site-packages\nicegui\storage.py", line 34, in dispatch
    |     response = await call_next(request)
    |                ^^^^^^^^^^^^^^^^^^^^^^^^
    |   File "C:\Users\User\PycharmProjects\NiceGuiReco\.venv\Lib\site-packages\starlette\middleware\base.py", line 168, in call_next
    |     raise app_exc from app_exc.__cause__ or app_exc.__context__
    |   File "C:\Users\User\PycharmProjects\NiceGuiReco\.venv\Lib\site-packages\starlette\middleware\base.py", line 144, in coro
    |     await self.app(scope, receive_or_disconnect, send_no_error)
    |   File "C:\Users\User\PycharmProjects\NiceGuiReco\.venv\Lib\site-packages\starlette\middleware\base.py", line 193, in __call__
    |     response = await self.dispatch_func(request, call_next)
    |                ^^^^^^^^^^^^^^^^^^^^^^^^^^^^^^^^^^^^^^^^^^^^
    |   File "C:\Users\User\PycharmProjects\NiceGuiReco\.venv\Lib\site-packages\nicegui\middlewares.py", line 10, in dispatch
    |     response = await call_next(request)
    |                ^^^^^^^^^^^^^^^^^^^^^^^^
    |   File "C:\Users\User\PycharmProjects\NiceGuiReco\.venv\Lib\site-packages\starlette\middleware\base.py", line 168, in call_next
    |     raise app_exc from app_exc.__cause__ or app_exc.__context__
    |   File "C:\Users\User\PycharmProjects\NiceGuiReco\.venv\Lib\site-packages\starlette\middleware\base.py", line 144, in coro
    |     await self.app(scope, receive_or_disconnect, send_no_error)
    |   File "C:\Users\User\PycharmProjects\NiceGuiReco\.venv\Lib\site-packages\starlette\middleware\gzip.py", line 29, in __call__
    |     await responder(scope, receive, send)
    |   File "C:\Users\User\PycharmProjects\NiceGuiReco\.venv\Lib\site-packages\starlette\middleware\gzip.py", line 130, in __call__
    |     await super().__call__(scope, receive, send)
    |   File "C:\Users\User\PycharmProjects\NiceGuiReco\.venv\Lib\site-packages\starlette\middleware\gzip.py", line 46, in __call__
    |     await self.app(scope, receive, self.send_with_compression)
    |   File "C:\Users\User\PycharmProjects\NiceGuiReco\.venv\Lib\site-packages\starlette\middleware\exceptions.py", line 63, in __call__
    |     await wrap_app_handling_exceptions(self.app, conn)(scope, receive, send)
    |   File "C:\Users\User\PycharmProjects\NiceGuiReco\.venv\Lib\site-packages\starlette\_exception_handler.py", line 53, in wrapped_app
    |     raise exc
    |   File "C:\Users\User\PycharmProjects\NiceGuiReco\.venv\Lib\site-packages\starlette\_exception_handler.py", line 42, in wrapped_app
    |     await app(scope, receive, sender)
    |   File "C:\Users\User\PycharmProjects\NiceGuiReco\.venv\Lib\site-packages\fastapi\middleware\asyncexitstack.py", line 18, in __call__
    |     await self.app(scope, receive, send)
    |   File "C:\Users\User\PycharmProjects\NiceGuiReco\.venv\Lib\site-packages\starlette\routing.py", line 660, in __call__
    |     await self.middleware_stack(scope, receive, send)
    |   File "C:\Users\User\PycharmProjects\NiceGuiReco\.venv\Lib\site-packages\fastapi\routing.py", line 2683, in app
    |     await route.handle(scope, receive, send)
    |   File "C:\Users\User\PycharmProjects\NiceGuiReco\.venv\Lib\site-packages\fastapi\routing.py", line 1266, in handle
    |     await super().handle(scope, receive, send)
    |   File "C:\Users\User\PycharmProjects\NiceGuiReco\.venv\Lib\site-packages\starlette\routing.py", line 276, in handle
    |     await self.app(scope, receive, send)
    |   File "C:\Users\User\PycharmProjects\NiceGuiReco\.venv\Lib\site-packages\fastapi\routing.py", line 150, in app
    |     await wrap_app_handling_exceptions(app, request)(scope, receive, send)
    |   File "C:\Users\User\PycharmProjects\NiceGuiReco\.venv\Lib\site-packages\starlette\_exception_handler.py", line 53, in wrapped_app
    |     raise exc
    |   File "C:\Users\User\PycharmProjects\NiceGuiReco\.venv\Lib\site-packages\starlette\_exception_handler.py", line 42, in wrapped_app
    |     await app(scope, receive, sender)
    |   File "C:\Users\User\PycharmProjects\NiceGuiReco\.venv\Lib\site-packages\fastapi\routing.py", line 136, in app
    |     response = await f(request)
    |                ^^^^^^^^^^^^^^^^
    |   File "C:\Users\User\PycharmProjects\NiceGuiReco\.venv\Lib\site-packages\fastapi\routing.py", line 690, in app
    |     raw_response = await run_endpoint_function(
    |                    ^^^^^^^^^^^^^^^^^^^^^^^^^^^^
    |   File "C:\Users\User\PycharmProjects\NiceGuiReco\.venv\Lib\site-packages\fastapi\routing.py", line 344, in run_endpoint_function
    |     return await dependant.call(**values)
    |            ^^^^^^^^^^^^^^^^^^^^^^^^^^^^^^
    |   File "C:\Users\User\PycharmProjects\NiceGuiReco\.venv\Lib\site-packages\nicegui\page.py", line 121, in decorated
    |     result = func(*dec_args, **dec_kwargs)
    |              ^^^^^^^^^^^^^^^^^^^^^^^^^^^^^
    |   File "C:\Users\User\PycharmProjects\NiceGuiReco\main.py", line 203, in index_dashboard
    |     build_dashboard(config, config.web.port)
    |                             ^^^^^^^^^^
    |   File "C:\Users\User\PycharmProjects\NiceGuiReco\.venv\Lib\site-packages\pydantic\main.py", line 1042, in __getattr__
    |     raise AttributeError(f'{type(self).__name__!r} object has no attribute {item!r}')
    | AttributeError: 'AppConfig' object has no attribute 'web'
    +------------------------------------

The above exception was the direct cause of the following exception:

Traceback (most recent call last):
  File "C:\Users\User\PycharmProjects\NiceGuiReco\.venv\Lib\site-packages\starlette\middleware\errors.py", line 164, in __call__
    await self.app(scope, receive, _send)
  File "C:\Users\User\PycharmProjects\NiceGuiReco\.venv\Lib\site-packages\starlette\middleware\sessions.py", line 88, in __call__
    await self.app(scope, receive, send_wrapper)
  File "C:\Users\User\PycharmProjects\NiceGuiReco\.venv\Lib\site-packages\starlette\middleware\base.py", line 193, in __call__
    response = await self.dispatch_func(request, call_next)
               ^^^^^^^^^^^^^^^^^^^^^^^^^^^^^^^^^^^^^^^^^^^^
  File "C:\Users\User\PycharmProjects\NiceGuiReco\.venv\Lib\site-packages\nicegui\storage.py", line 34, in dispatch
    response = await call_next(request)
               ^^^^^^^^^^^^^^^^^^^^^^^^
  File "C:\Users\User\PycharmProjects\NiceGuiReco\.venv\Lib\site-packages\starlette\middleware\base.py", line 168, in call_next
    raise app_exc from app_exc.__cause__ or app_exc.__context__
  File "C:\Users\User\PycharmProjects\NiceGuiReco\.venv\Lib\site-packages\starlette\middleware\base.py", line 144, in coro
    await self.app(scope, receive_or_disconnect, send_no_error)
  File "C:\Users\User\PycharmProjects\NiceGuiReco\.venv\Lib\site-packages\starlette\middleware\base.py", line 193, in __call__
    response = await self.dispatch_func(request, call_next)
               ^^^^^^^^^^^^^^^^^^^^^^^^^^^^^^^^^^^^^^^^^^^^
  File "C:\Users\User\PycharmProjects\NiceGuiReco\.venv\Lib\site-packages\nicegui\middlewares.py", line 10, in dispatch
    response = await call_next(request)
               ^^^^^^^^^^^^^^^^^^^^^^^^
  File "C:\Users\User\PycharmProjects\NiceGuiReco\.venv\Lib\site-packages\starlette\middleware\base.py", line 168, in call_next
    raise app_exc from app_exc.__cause__ or app_exc.__context__
  File "C:\Users\User\PycharmProjects\NiceGuiReco\.venv\Lib\site-packages\starlette\middleware\base.py", line 144, in coro
    await self.app(scope, receive_or_disconnect, send_no_error)
  File "C:\Users\User\PycharmProjects\NiceGuiReco\.venv\Lib\site-packages\starlette\middleware\gzip.py", line 29, in __call__
    await responder(scope, receive, send)
  File "C:\Users\User\PycharmProjects\NiceGuiReco\.venv\Lib\site-packages\starlette\middleware\gzip.py", line 130, in __call__
    await super().__call__(scope, receive, send)
  File "C:\Users\User\PycharmProjects\NiceGuiReco\.venv\Lib\site-packages\starlette\middleware\gzip.py", line 46, in __call__
    await self.app(scope, receive, self.send_with_compression)
  File "C:\Users\User\PycharmProjects\NiceGuiReco\.venv\Lib\site-packages\starlette\middleware\exceptions.py", line 63, in __call__
    await wrap_app_handling_exceptions(self.app, conn)(scope, receive, send)
  File "C:\Users\User\PycharmProjects\NiceGuiReco\.venv\Lib\site-packages\starlette\_exception_handler.py", line 53, in wrapped_app
    raise exc
  File "C:\Users\User\PycharmProjects\NiceGuiReco\.venv\Lib\site-packages\starlette\_exception_handler.py", line 42, in wrapped_app
    await app(scope, receive, sender)
  File "C:\Users\User\PycharmProjects\NiceGuiReco\.venv\Lib\site-packages\fastapi\middleware\asyncexitstack.py", line 18, in __call__
    await self.app(scope, receive, send)
  File "C:\Users\User\PycharmProjects\NiceGuiReco\.venv\Lib\site-packages\starlette\routing.py", line 660, in __call__
    await self.middleware_stack(scope, receive, send)
  File "C:\Users\User\PycharmProjects\NiceGuiReco\.venv\Lib\site-packages\fastapi\routing.py", line 2683, in app
    await route.handle(scope, receive, send)
  File "C:\Users\User\PycharmProjects\NiceGuiReco\.venv\Lib\site-packages\fastapi\routing.py", line 1266, in handle
    await super().handle(scope, receive, send)
  File "C:\Users\User\PycharmProjects\NiceGuiReco\.venv\Lib\site-packages\starlette\routing.py", line 276, in handle
    await self.app(scope, receive, send)
  File "C:\Users\User\PycharmProjects\NiceGuiReco\.venv\Lib\site-packages\fastapi\routing.py", line 150, in app
    await wrap_app_handling_exceptions(app, request)(scope, receive, send)
  File "C:\Users\User\PycharmProjects\NiceGuiReco\.venv\Lib\site-packages\starlette\_exception_handler.py", line 53, in wrapped_app
    raise exc
  File "C:\Users\User\PycharmProjects\NiceGuiReco\.venv\Lib\site-packages\starlette\_exception_handler.py", line 42, in wrapped_app
    await app(scope, receive, sender)
  File "C:\Users\User\PycharmProjects\NiceGuiReco\.venv\Lib\site-packages\fastapi\routing.py", line 136, in app
    response = await f(request)
               ^^^^^^^^^^^^^^^^
  File "C:\Users\User\PycharmProjects\NiceGuiReco\.venv\Lib\site-packages\fastapi\routing.py", line 690, in app
    raw_response = await run_endpoint_function(
                   ^^^^^^^^^^^^^^^^^^^^^^^^^^^^
  File "C:\Users\User\PycharmProjects\NiceGuiReco\.venv\Lib\site-packages\fastapi\routing.py", line 344, in run_endpoint_function
    return await dependant.call(**values)
           ^^^^^^^^^^^^^^^^^^^^^^^^^^^^^^
  File "C:\Users\User\PycharmProjects\NiceGuiReco\.venv\Lib\site-packages\nicegui\page.py", line 121, in decorated
    result = func(*dec_args, **dec_kwargs)
             ^^^^^^^^^^^^^^^^^^^^^^^^^^^^^
  File "C:\Users\User\PycharmProjects\NiceGuiReco\main.py", line 203, in index_dashboard
    build_dashboard(config, config.web.port)
                            ^^^^^^^^^^
  File "C:\Users\User\PycharmProjects\NiceGuiReco\.venv\Lib\site-packages\pydantic\main.py", line 1042, in __getattr__
    raise AttributeError(f'{type(self).__name__!r} object has no attribute {item!r}')
AttributeError: 'AppConfig' object has no attribute 'web'
2026-07-08 08:39:41 | INFO     | NiceGuiRecoApp       | Client disconnected gracefully.
2026-07-08 08:39:41 | INFO     | web.websocket_manager | WebSocket connection removed. Total clients: 1
2026-07-08 08:39:41 | INFO     | web.websocket_manager | New WebSocket connection registered. Total clients: 2
2026-07-08 08:39:41 | ERROR    | nicegui              | 'AppConfig' object has no attribute 'web'
  + Exception Group Traceback (most recent call last):
  |   File "C:\Users\User\PycharmProjects\NiceGuiReco\.venv\Lib\site-packages\starlette\_utils.py", line 85, in create_collapsing_task_group
  |     async with anyio.create_task_group() as tg:
  |   File "C:\Users\User\PycharmProjects\NiceGuiReco\.venv\Lib\site-packages\anyio\_backends\_asyncio.py", line 811, in __aexit__
  |     raise BaseExceptionGroup(
  | ExceptionGroup: unhandled errors in a TaskGroup (1 sub-exception)
  +-+---------------- 1 ----------------
    | Traceback (most recent call last):
    |   File "C:\Users\User\PycharmProjects\NiceGuiReco\.venv\Lib\site-packages\starlette\middleware\errors.py", line 164, in __call__
    |     await self.app(scope, receive, _send)
    |   File "C:\Users\User\PycharmProjects\NiceGuiReco\.venv\Lib\site-packages\starlette\middleware\sessions.py", line 88, in __call__
    |     await self.app(scope, receive, send_wrapper)
    |   File "C:\Users\User\PycharmProjects\NiceGuiReco\.venv\Lib\site-packages\starlette\middleware\base.py", line 193, in __call__
    |     response = await self.dispatch_func(request, call_next)
    |                ^^^^^^^^^^^^^^^^^^^^^^^^^^^^^^^^^^^^^^^^^^^^
    |   File "C:\Users\User\PycharmProjects\NiceGuiReco\.venv\Lib\site-packages\nicegui\storage.py", line 34, in dispatch
    |     response = await call_next(request)
    |                ^^^^^^^^^^^^^^^^^^^^^^^^
    |   File "C:\Users\User\PycharmProjects\NiceGuiReco\.venv\Lib\site-packages\starlette\middleware\base.py", line 168, in call_next
    |     raise app_exc from app_exc.__cause__ or app_exc.__context__
    |   File "C:\Users\User\PycharmProjects\NiceGuiReco\.venv\Lib\site-packages\starlette\middleware\base.py", line 144, in coro
    |     await self.app(scope, receive_or_disconnect, send_no_error)
    |   File "C:\Users\User\PycharmProjects\NiceGuiReco\.venv\Lib\site-packages\starlette\middleware\base.py", line 193, in __call__
    |     response = await self.dispatch_func(request, call_next)
    |                ^^^^^^^^^^^^^^^^^^^^^^^^^^^^^^^^^^^^^^^^^^^^
    |   File "C:\Users\User\PycharmProjects\NiceGuiReco\.venv\Lib\site-packages\nicegui\middlewares.py", line 10, in dispatch
    |     response = await call_next(request)
    |                ^^^^^^^^^^^^^^^^^^^^^^^^
    |   File "C:\Users\User\PycharmProjects\NiceGuiReco\.venv\Lib\site-packages\starlette\middleware\base.py", line 168, in call_next
    |     raise app_exc from app_exc.__cause__ or app_exc.__context__
    |   File "C:\Users\User\PycharmProjects\NiceGuiReco\.venv\Lib\site-packages\starlette\middleware\base.py", line 144, in coro
    |     await self.app(scope, receive_or_disconnect, send_no_error)
    |   File "C:\Users\User\PycharmProjects\NiceGuiReco\.venv\Lib\site-packages\starlette\middleware\gzip.py", line 29, in __call__
    |     await responder(scope, receive, send)
    |   File "C:\Users\User\PycharmProjects\NiceGuiReco\.venv\Lib\site-packages\starlette\middleware\gzip.py", line 130, in __call__
    |     await super().__call__(scope, receive, send)
    |   File "C:\Users\User\PycharmProjects\NiceGuiReco\.venv\Lib\site-packages\starlette\middleware\gzip.py", line 46, in __call__
    |     await self.app(scope, receive, self.send_with_compression)
    |   File "C:\Users\User\PycharmProjects\NiceGuiReco\.venv\Lib\site-packages\starlette\middleware\exceptions.py", line 63, in __call__
    |     await wrap_app_handling_exceptions(self.app, conn)(scope, receive, send)
    |   File "C:\Users\User\PycharmProjects\NiceGuiReco\.venv\Lib\site-packages\starlette\_exception_handler.py", line 53, in wrapped_app
    |     raise exc
    |   File "C:\Users\User\PycharmProjects\NiceGuiReco\.venv\Lib\site-packages\starlette\_exception_handler.py", line 42, in wrapped_app
    |     await app(scope, receive, sender)
    |   File "C:\Users\User\PycharmProjects\NiceGuiReco\.venv\Lib\site-packages\fastapi\middleware\asyncexitstack.py", line 18, in __call__
    |     await self.app(scope, receive, send)
    |   File "C:\Users\User\PycharmProjects\NiceGuiReco\.venv\Lib\site-packages\starlette\routing.py", line 660, in __call__
    |     await self.middleware_stack(scope, receive, send)
    |   File "C:\Users\User\PycharmProjects\NiceGuiReco\.venv\Lib\site-packages\fastapi\routing.py", line 2683, in app
    |     await route.handle(scope, receive, send)
    |   File "C:\Users\User\PycharmProjects\NiceGuiReco\.venv\Lib\site-packages\fastapi\routing.py", line 1266, in handle
    |     await super().handle(scope, receive, send)
    |   File "C:\Users\User\PycharmProjects\NiceGuiReco\.venv\Lib\site-packages\starlette\routing.py", line 276, in handle
    |     await self.app(scope, receive, send)
    |   File "C:\Users\User\PycharmProjects\NiceGuiReco\.venv\Lib\site-packages\fastapi\routing.py", line 150, in app
    |     await wrap_app_handling_exceptions(app, request)(scope, receive, send)
    |   File "C:\Users\User\PycharmProjects\NiceGuiReco\.venv\Lib\site-packages\starlette\_exception_handler.py", line 53, in wrapped_app
    |     raise exc
    |   File "C:\Users\User\PycharmProjects\NiceGuiReco\.venv\Lib\site-packages\starlette\_exception_handler.py", line 42, in wrapped_app
    |     await app(scope, receive, sender)
    |   File "C:\Users\User\PycharmProjects\NiceGuiReco\.venv\Lib\site-packages\fastapi\routing.py", line 136, in app
    |     response = await f(request)
    |                ^^^^^^^^^^^^^^^^
    |   File "C:\Users\User\PycharmProjects\NiceGuiReco\.venv\Lib\site-packages\fastapi\routing.py", line 690, in app
    |     raw_response = await run_endpoint_function(
    |                    ^^^^^^^^^^^^^^^^^^^^^^^^^^^^
    |   File "C:\Users\User\PycharmProjects\NiceGuiReco\.venv\Lib\site-packages\fastapi\routing.py", line 344, in run_endpoint_function
    |     return await dependant.call(**values)
    |            ^^^^^^^^^^^^^^^^^^^^^^^^^^^^^^
    |   File "C:\Users\User\PycharmProjects\NiceGuiReco\.venv\Lib\site-packages\nicegui\page.py", line 121, in decorated
    |     result = func(*dec_args, **dec_kwargs)
    |              ^^^^^^^^^^^^^^^^^^^^^^^^^^^^^
    |   File "C:\Users\User\PycharmProjects\NiceGuiReco\main.py", line 203, in index_dashboard
    |     build_dashboard(config, config.web.port)
    |                             ^^^^^^^^^^
    |   File "C:\Users\User\PycharmProjects\NiceGuiReco\.venv\Lib\site-packages\pydantic\main.py", line 1042, in __getattr__
    |     raise AttributeError(f'{type(self).__name__!r} object has no attribute {item!r}')
    | AttributeError: 'AppConfig' object has no attribute 'web'
    +------------------------------------

The above exception was the direct cause of the following exception:

Traceback (most recent call last):
  File "C:\Users\User\PycharmProjects\NiceGuiReco\.venv\Lib\site-packages\starlette\middleware\errors.py", line 164, in __call__
    await self.app(scope, receive, _send)
  File "C:\Users\User\PycharmProjects\NiceGuiReco\.venv\Lib\site-packages\starlette\middleware\sessions.py", line 88, in __call__
    await self.app(scope, receive, send_wrapper)
  File "C:\Users\User\PycharmProjects\NiceGuiReco\.venv\Lib\site-packages\starlette\middleware\base.py", line 193, in __call__
    response = await self.dispatch_func(request, call_next)
               ^^^^^^^^^^^^^^^^^^^^^^^^^^^^^^^^^^^^^^^^^^^^
  File "C:\Users\User\PycharmProjects\NiceGuiReco\.venv\Lib\site-packages\nicegui\storage.py", line 34, in dispatch
    response = await call_next(request)
               ^^^^^^^^^^^^^^^^^^^^^^^^
  File "C:\Users\User\PycharmProjects\NiceGuiReco\.venv\Lib\site-packages\starlette\middleware\base.py", line 168, in call_next
    raise app_exc from app_exc.__cause__ or app_exc.__context__
  File "C:\Users\User\PycharmProjects\NiceGuiReco\.venv\Lib\site-packages\starlette\middleware\base.py", line 144, in coro
    await self.app(scope, receive_or_disconnect, send_no_error)
  File "C:\Users\User\PycharmProjects\NiceGuiReco\.venv\Lib\site-packages\starlette\middleware\base.py", line 193, in __call__
    response = await self.dispatch_func(request, call_next)
               ^^^^^^^^^^^^^^^^^^^^^^^^^^^^^^^^^^^^^^^^^^^^
  File "C:\Users\User\PycharmProjects\NiceGuiReco\.venv\Lib\site-packages\nicegui\middlewares.py", line 10, in dispatch
    response = await call_next(request)
               ^^^^^^^^^^^^^^^^^^^^^^^^
  File "C:\Users\User\PycharmProjects\NiceGuiReco\.venv\Lib\site-packages\starlette\middleware\base.py", line 168, in call_next
    raise app_exc from app_exc.__cause__ or app_exc.__context__
  File "C:\Users\User\PycharmProjects\NiceGuiReco\.venv\Lib\site-packages\starlette\middleware\base.py", line 144, in coro
    await self.app(scope, receive_or_disconnect, send_no_error)
  File "C:\Users\User\PycharmProjects\NiceGuiReco\.venv\Lib\site-packages\starlette\middleware\gzip.py", line 29, in __call__
    await responder(scope, receive, send)
  File "C:\Users\User\PycharmProjects\NiceGuiReco\.venv\Lib\site-packages\starlette\middleware\gzip.py", line 130, in __call__
    await super().__call__(scope, receive, send)
  File "C:\Users\User\PycharmProjects\NiceGuiReco\.venv\Lib\site-packages\starlette\middleware\gzip.py", line 46, in __call__
    await self.app(scope, receive, self.send_with_compression)
  File "C:\Users\User\PycharmProjects\NiceGuiReco\.venv\Lib\site-packages\starlette\middleware\exceptions.py", line 63, in __call__
    await wrap_app_handling_exceptions(self.app, conn)(scope, receive, send)
  File "C:\Users\User\PycharmProjects\NiceGuiReco\.venv\Lib\site-packages\starlette\_exception_handler.py", line 53, in wrapped_app
    raise exc
  File "C:\Users\User\PycharmProjects\NiceGuiReco\.venv\Lib\site-packages\starlette\_exception_handler.py", line 42, in wrapped_app
    await app(scope, receive, sender)
  File "C:\Users\User\PycharmProjects\NiceGuiReco\.venv\Lib\site-packages\fastapi\middleware\asyncexitstack.py", line 18, in __call__
    await self.app(scope, receive, send)
  File "C:\Users\User\PycharmProjects\NiceGuiReco\.venv\Lib\site-packages\starlette\routing.py", line 660, in __call__
    await self.middleware_stack(scope, receive, send)
  File "C:\Users\User\PycharmProjects\NiceGuiReco\.venv\Lib\site-packages\fastapi\routing.py", line 2683, in app
    await route.handle(scope, receive, send)
  File "C:\Users\User\PycharmProjects\NiceGuiReco\.venv\Lib\site-packages\fastapi\routing.py", line 1266, in handle
    await super().handle(scope, receive, send)
  File "C:\Users\User\PycharmProjects\NiceGuiReco\.venv\Lib\site-packages\starlette\routing.py", line 276, in handle
    await self.app(scope, receive, send)
  File "C:\Users\User\PycharmProjects\NiceGuiReco\.venv\Lib\site-packages\fastapi\routing.py", line 150, in app
    await wrap_app_handling_exceptions(app, request)(scope, receive, send)
  File "C:\Users\User\PycharmProjects\NiceGuiReco\.venv\Lib\site-packages\starlette\_exception_handler.py", line 53, in wrapped_app
    raise exc
  File "C:\Users\User\PycharmProjects\NiceGuiReco\.venv\Lib\site-packages\starlette\_exception_handler.py", line 42, in wrapped_app
    await app(scope, receive, sender)
  File "C:\Users\User\PycharmProjects\NiceGuiReco\.venv\Lib\site-packages\fastapi\routing.py", line 136, in app
    response = await f(request)
               ^^^^^^^^^^^^^^^^
  File "C:\Users\User\PycharmProjects\NiceGuiReco\.venv\Lib\site-packages\fastapi\routing.py", line 690, in app
    raw_response = await run_endpoint_function(
                   ^^^^^^^^^^^^^^^^^^^^^^^^^^^^
  File "C:\Users\User\PycharmProjects\NiceGuiReco\.venv\Lib\site-packages\fastapi\routing.py", line 344, in run_endpoint_function
    return await dependant.call(**values)
           ^^^^^^^^^^^^^^^^^^^^^^^^^^^^^^
  File "C:\Users\User\PycharmProjects\NiceGuiReco\.venv\Lib\site-packages\nicegui\page.py", line 121, in decorated
    result = func(*dec_args, **dec_kwargs)
             ^^^^^^^^^^^^^^^^^^^^^^^^^^^^^
  File "C:\Users\User\PycharmProjects\NiceGuiReco\main.py", line 203, in index_dashboard
    build_dashboard(config, config.web.port)
                            ^^^^^^^^^^
  File "C:\Users\User\PycharmProjects\NiceGuiReco\.venv\Lib\site-packages\pydantic\main.py", line 1042, in __getattr__
    raise AttributeError(f'{type(self).__name__!r} object has no attribute {item!r}')
AttributeError: 'AppConfig' object has no attribute 'web'
2026-07-08 08:39:41 | INFO     | NiceGuiRecoApp       | Client disconnected gracefully.
2026-07-08 08:39:41 | INFO     | web.websocket_manager | WebSocket connection removed. Total clients: 1
2026-07-08 08:39:42 | INFO     | web.websocket_manager | New WebSocket connection registered. Total clients: 2
2026-07-08 08:39:44 | ERROR    | nicegui              | 'AppConfig' object has no attribute 'web'
  + Exception Group Traceback (most recent call last):
  |   File "C:\Users\User\PycharmProjects\NiceGuiReco\.venv\Lib\site-packages\starlette\_utils.py", line 85, in create_collapsing_task_group
  |     async with anyio.create_task_group() as tg:
  |   File "C:\Users\User\PycharmProjects\NiceGuiReco\.venv\Lib\site-packages\anyio\_backends\_asyncio.py", line 811, in __aexit__
  |     raise BaseExceptionGroup(
  | ExceptionGroup: unhandled errors in a TaskGroup (1 sub-exception)
  +-+---------------- 1 ----------------
    | Traceback (most recent call last):
    |   File "C:\Users\User\PycharmProjects\NiceGuiReco\.venv\Lib\site-packages\starlette\middleware\errors.py", line 164, in __call__
    |     await self.app(scope, receive, _send)
    |   File "C:\Users\User\PycharmProjects\NiceGuiReco\.venv\Lib\site-packages\starlette\middleware\sessions.py", line 88, in __call__
    |     await self.app(scope, receive, send_wrapper)
    |   File "C:\Users\User\PycharmProjects\NiceGuiReco\.venv\Lib\site-packages\starlette\middleware\base.py", line 193, in __call__
    |     response = await self.dispatch_func(request, call_next)
    |                ^^^^^^^^^^^^^^^^^^^^^^^^^^^^^^^^^^^^^^^^^^^^
    |   File "C:\Users\User\PycharmProjects\NiceGuiReco\.venv\Lib\site-packages\nicegui\storage.py", line 34, in dispatch
    |     response = await call_next(request)
    |                ^^^^^^^^^^^^^^^^^^^^^^^^
    |   File "C:\Users\User\PycharmProjects\NiceGuiReco\.venv\Lib\site-packages\starlette\middleware\base.py", line 168, in call_next
    |     raise app_exc from app_exc.__cause__ or app_exc.__context__
    |   File "C:\Users\User\PycharmProjects\NiceGuiReco\.venv\Lib\site-packages\starlette\middleware\base.py", line 144, in coro
    |     await self.app(scope, receive_or_disconnect, send_no_error)
    |   File "C:\Users\User\PycharmProjects\NiceGuiReco\.venv\Lib\site-packages\starlette\middleware\base.py", line 193, in __call__
    |     response = await self.dispatch_func(request, call_next)
    |                ^^^^^^^^^^^^^^^^^^^^^^^^^^^^^^^^^^^^^^^^^^^^
    |   File "C:\Users\User\PycharmProjects\NiceGuiReco\.venv\Lib\site-packages\nicegui\middlewares.py", line 10, in dispatch
    |     response = await call_next(request)
    |                ^^^^^^^^^^^^^^^^^^^^^^^^
    |   File "C:\Users\User\PycharmProjects\NiceGuiReco\.venv\Lib\site-packages\starlette\middleware\base.py", line 168, in call_next
    |     raise app_exc from app_exc.__cause__ or app_exc.__context__
    |   File "C:\Users\User\PycharmProjects\NiceGuiReco\.venv\Lib\site-packages\starlette\middleware\base.py", line 144, in coro
    |     await self.app(scope, receive_or_disconnect, send_no_error)
    |   File "C:\Users\User\PycharmProjects\NiceGuiReco\.venv\Lib\site-packages\starlette\middleware\gzip.py", line 29, in __call__
    |     await responder(scope, receive, send)
    |   File "C:\Users\User\PycharmProjects\NiceGuiReco\.venv\Lib\site-packages\starlette\middleware\gzip.py", line 130, in __call__
    |     await super().__call__(scope, receive, send)
    |   File "C:\Users\User\PycharmProjects\NiceGuiReco\.venv\Lib\site-packages\starlette\middleware\gzip.py", line 46, in __call__
    |     await self.app(scope, receive, self.send_with_compression)
    |   File "C:\Users\User\PycharmProjects\NiceGuiReco\.venv\Lib\site-packages\starlette\middleware\exceptions.py", line 63, in __call__
    |     await wrap_app_handling_exceptions(self.app, conn)(scope, receive, send)
    |   File "C:\Users\User\PycharmProjects\NiceGuiReco\.venv\Lib\site-packages\starlette\_exception_handler.py", line 53, in wrapped_app
    |     raise exc
    |   File "C:\Users\User\PycharmProjects\NiceGuiReco\.venv\Lib\site-packages\starlette\_exception_handler.py", line 42, in wrapped_app
    |     await app(scope, receive, sender)
    |   File "C:\Users\User\PycharmProjects\NiceGuiReco\.venv\Lib\site-packages\fastapi\middleware\asyncexitstack.py", line 18, in __call__
    |     await self.app(scope, receive, send)
    |   File "C:\Users\User\PycharmProjects\NiceGuiReco\.venv\Lib\site-packages\starlette\routing.py", line 660, in __call__
    |     await self.middleware_stack(scope, receive, send)
    |   File "C:\Users\User\PycharmProjects\NiceGuiReco\.venv\Lib\site-packages\fastapi\routing.py", line 2683, in app
    |     await route.handle(scope, receive, send)
    |   File "C:\Users\User\PycharmProjects\NiceGuiReco\.venv\Lib\site-packages\fastapi\routing.py", line 1266, in handle
    |     await super().handle(scope, receive, send)
    |   File "C:\Users\User\PycharmProjects\NiceGuiReco\.venv\Lib\site-packages\starlette\routing.py", line 276, in handle
    |     await self.app(scope, receive, send)
    |   File "C:\Users\User\PycharmProjects\NiceGuiReco\.venv\Lib\site-packages\fastapi\routing.py", line 150, in app
    |     await wrap_app_handling_exceptions(app, request)(scope, receive, send)
    |   File "C:\Users\User\PycharmProjects\NiceGuiReco\.venv\Lib\site-packages\starlette\_exception_handler.py", line 53, in wrapped_app
    |     raise exc
    |   File "C:\Users\User\PycharmProjects\NiceGuiReco\.venv\Lib\site-packages\starlette\_exception_handler.py", line 42, in wrapped_app
    |     await app(scope, receive, sender)
    |   File "C:\Users\User\PycharmProjects\NiceGuiReco\.venv\Lib\site-packages\fastapi\routing.py", line 136, in app
    |     response = await f(request)
    |                ^^^^^^^^^^^^^^^^
    |   File "C:\Users\User\PycharmProjects\NiceGuiReco\.venv\Lib\site-packages\fastapi\routing.py", line 690, in app
    |     raw_response = await run_endpoint_function(
    |                    ^^^^^^^^^^^^^^^^^^^^^^^^^^^^
    |   File "C:\Users\User\PycharmProjects\NiceGuiReco\.venv\Lib\site-packages\fastapi\routing.py", line 344, in run_endpoint_function
    |     return await dependant.call(**values)
    |            ^^^^^^^^^^^^^^^^^^^^^^^^^^^^^^
    |   File "C:\Users\User\PycharmProjects\NiceGuiReco\.venv\Lib\site-packages\nicegui\page.py", line 121, in decorated
    |     result = func(*dec_args, **dec_kwargs)
    |              ^^^^^^^^^^^^^^^^^^^^^^^^^^^^^
    |   File "C:\Users\User\PycharmProjects\NiceGuiReco\main.py", line 203, in index_dashboard
    |     build_dashboard(config, config.web.port)
    |                             ^^^^^^^^^^
    |   File "C:\Users\User\PycharmProjects\NiceGuiReco\.venv\Lib\site-packages\pydantic\main.py", line 1042, in __getattr__
    |     raise AttributeError(f'{type(self).__name__!r} object has no attribute {item!r}')
    | AttributeError: 'AppConfig' object has no attribute 'web'
    +------------------------------------

The above exception was the direct cause of the following exception:

Traceback (most recent call last):
  File "C:\Users\User\PycharmProjects\NiceGuiReco\.venv\Lib\site-packages\starlette\middleware\errors.py", line 164, in __call__
    await self.app(scope, receive, _send)
  File "C:\Users\User\PycharmProjects\NiceGuiReco\.venv\Lib\site-packages\starlette\middleware\sessions.py", line 88, in __call__
    await self.app(scope, receive, send_wrapper)
  File "C:\Users\User\PycharmProjects\NiceGuiReco\.venv\Lib\site-packages\starlette\middleware\base.py", line 193, in __call__
    response = await self.dispatch_func(request, call_next)
               ^^^^^^^^^^^^^^^^^^^^^^^^^^^^^^^^^^^^^^^^^^^^
  File "C:\Users\User\PycharmProjects\NiceGuiReco\.venv\Lib\site-packages\nicegui\storage.py", line 34, in dispatch
    response = await call_next(request)
               ^^^^^^^^^^^^^^^^^^^^^^^^
  File "C:\Users\User\PycharmProjects\NiceGuiReco\.venv\Lib\site-packages\starlette\middleware\base.py", line 168, in call_next
    raise app_exc from app_exc.__cause__ or app_exc.__context__
  File "C:\Users\User\PycharmProjects\NiceGuiReco\.venv\Lib\site-packages\starlette\middleware\base.py", line 144, in coro
    await self.app(scope, receive_or_disconnect, send_no_error)
  File "C:\Users\User\PycharmProjects\NiceGuiReco\.venv\Lib\site-packages\starlette\middleware\base.py", line 193, in __call__
    response = await self.dispatch_func(request, call_next)
               ^^^^^^^^^^^^^^^^^^^^^^^^^^^^^^^^^^^^^^^^^^^^
  File "C:\Users\User\PycharmProjects\NiceGuiReco\.venv\Lib\site-packages\nicegui\middlewares.py", line 10, in dispatch
    response = await call_next(request)
               ^^^^^^^^^^^^^^^^^^^^^^^^
  File "C:\Users\User\PycharmProjects\NiceGuiReco\.venv\Lib\site-packages\starlette\middleware\base.py", line 168, in call_next
    raise app_exc from app_exc.__cause__ or app_exc.__context__
  File "C:\Users\User\PycharmProjects\NiceGuiReco\.venv\Lib\site-packages\starlette\middleware\base.py", line 144, in coro
    await self.app(scope, receive_or_disconnect, send_no_error)
  File "C:\Users\User\PycharmProjects\NiceGuiReco\.venv\Lib\site-packages\starlette\middleware\gzip.py", line 29, in __call__
    await responder(scope, receive, send)
  File "C:\Users\User\PycharmProjects\NiceGuiReco\.venv\Lib\site-packages\starlette\middleware\gzip.py", line 130, in __call__
    await super().__call__(scope, receive, send)
  File "C:\Users\User\PycharmProjects\NiceGuiReco\.venv\Lib\site-packages\starlette\middleware\gzip.py", line 46, in __call__
    await self.app(scope, receive, self.send_with_compression)
  File "C:\Users\User\PycharmProjects\NiceGuiReco\.venv\Lib\site-packages\starlette\middleware\exceptions.py", line 63, in __call__
    await wrap_app_handling_exceptions(self.app, conn)(scope, receive, send)
  File "C:\Users\User\PycharmProjects\NiceGuiReco\.venv\Lib\site-packages\starlette\_exception_handler.py", line 53, in wrapped_app
    raise exc
  File "C:\Users\User\PycharmProjects\NiceGuiReco\.venv\Lib\site-packages\starlette\_exception_handler.py", line 42, in wrapped_app
    await app(scope, receive, sender)
  File "C:\Users\User\PycharmProjects\NiceGuiReco\.venv\Lib\site-packages\fastapi\middleware\asyncexitstack.py", line 18, in __call__
    await self.app(scope, receive, send)
  File "C:\Users\User\PycharmProjects\NiceGuiReco\.venv\Lib\site-packages\starlette\routing.py", line 660, in __call__
    await self.middleware_stack(scope, receive, send)
  File "C:\Users\User\PycharmProjects\NiceGuiReco\.venv\Lib\site-packages\fastapi\routing.py", line 2683, in app
    await route.handle(scope, receive, send)
  File "C:\Users\User\PycharmProjects\NiceGuiReco\.venv\Lib\site-packages\fastapi\routing.py", line 1266, in handle
    await super().handle(scope, receive, send)
  File "C:\Users\User\PycharmProjects\NiceGuiReco\.venv\Lib\site-packages\starlette\routing.py", line 276, in handle
    await self.app(scope, receive, send)
  File "C:\Users\User\PycharmProjects\NiceGuiReco\.venv\Lib\site-packages\fastapi\routing.py", line 150, in app
    await wrap_app_handling_exceptions(app, request)(scope, receive, send)
  File "C:\Users\User\PycharmProjects\NiceGuiReco\.venv\Lib\site-packages\starlette\_exception_handler.py", line 53, in wrapped_app
    raise exc
  File "C:\Users\User\PycharmProjects\NiceGuiReco\.venv\Lib\site-packages\starlette\_exception_handler.py", line 42, in wrapped_app
    await app(scope, receive, sender)
  File "C:\Users\User\PycharmProjects\NiceGuiReco\.venv\Lib\site-packages\fastapi\routing.py", line 136, in app
    response = await f(request)
               ^^^^^^^^^^^^^^^^
  File "C:\Users\User\PycharmProjects\NiceGuiReco\.venv\Lib\site-packages\fastapi\routing.py", line 690, in app
    raw_response = await run_endpoint_function(
                   ^^^^^^^^^^^^^^^^^^^^^^^^^^^^
  File "C:\Users\User\PycharmProjects\NiceGuiReco\.venv\Lib\site-packages\fastapi\routing.py", line 344, in run_endpoint_function
    return await dependant.call(**values)
           ^^^^^^^^^^^^^^^^^^^^^^^^^^^^^^
  File "C:\Users\User\PycharmProjects\NiceGuiReco\.venv\Lib\site-packages\nicegui\page.py", line 121, in decorated
    result = func(*dec_args, **dec_kwargs)
             ^^^^^^^^^^^^^^^^^^^^^^^^^^^^^
  File "C:\Users\User\PycharmProjects\NiceGuiReco\main.py", line 203, in index_dashboard
    build_dashboard(config, config.web.port)
                            ^^^^^^^^^^
  File "C:\Users\User\PycharmProjects\NiceGuiReco\.venv\Lib\site-packages\pydantic\main.py", line 1042, in __getattr__
    raise AttributeError(f'{type(self).__name__!r} object has no attribute {item!r}')
AttributeError: 'AppConfig' object has no attribute 'web'
2026-07-08 08:39:44 | INFO     | NiceGuiRecoApp       | Client disconnected gracefully.
2026-07-08 08:39:44 | INFO     | web.websocket_manager | WebSocket connection removed. Total clients: 1
2026-07-08 08:39:47 | ERROR    | nicegui              | 'AppConfig' object has no attribute 'web'
  + Exception Group Traceback (most recent call last):
  |   File "C:\Users\User\PycharmProjects\NiceGuiReco\.venv\Lib\site-packages\starlette\_utils.py", line 85, in create_collapsing_task_group
  |     async with anyio.create_task_group() as tg:
  |   File "C:\Users\User\PycharmProjects\NiceGuiReco\.venv\Lib\site-packages\anyio\_backends\_asyncio.py", line 811, in __aexit__
  |     raise BaseExceptionGroup(
  | ExceptionGroup: unhandled errors in a TaskGroup (1 sub-exception)
  +-+---------------- 1 ----------------
    | Traceback (most recent call last):
    |   File "C:\Users\User\PycharmProjects\NiceGuiReco\.venv\Lib\site-packages\starlette\middleware\errors.py", line 164, in __call__
    |     await self.app(scope, receive, _send)
    |   File "C:\Users\User\PycharmProjects\NiceGuiReco\.venv\Lib\site-packages\starlette\middleware\sessions.py", line 88, in __call__
    |     await self.app(scope, receive, send_wrapper)
    |   File "C:\Users\User\PycharmProjects\NiceGuiReco\.venv\Lib\site-packages\starlette\middleware\base.py", line 193, in __call__
    |     response = await self.dispatch_func(request, call_next)
    |                ^^^^^^^^^^^^^^^^^^^^^^^^^^^^^^^^^^^^^^^^^^^^
    |   File "C:\Users\User\PycharmProjects\NiceGuiReco\.venv\Lib\site-packages\nicegui\storage.py", line 34, in dispatch
    |     response = await call_next(request)
    |                ^^^^^^^^^^^^^^^^^^^^^^^^
    |   File "C:\Users\User\PycharmProjects\NiceGuiReco\.venv\Lib\site-packages\starlette\middleware\base.py", line 168, in call_next
    |     raise app_exc from app_exc.__cause__ or app_exc.__context__
    |   File "C:\Users\User\PycharmProjects\NiceGuiReco\.venv\Lib\site-packages\starlette\middleware\base.py", line 144, in coro
    |     await self.app(scope, receive_or_disconnect, send_no_error)
    |   File "C:\Users\User\PycharmProjects\NiceGuiReco\.venv\Lib\site-packages\starlette\middleware\base.py", line 193, in __call__
    |     response = await self.dispatch_func(request, call_next)
    |                ^^^^^^^^^^^^^^^^^^^^^^^^^^^^^^^^^^^^^^^^^^^^
    |   File "C:\Users\User\PycharmProjects\NiceGuiReco\.venv\Lib\site-packages\nicegui\middlewares.py", line 10, in dispatch
    |     response = await call_next(request)
    |                ^^^^^^^^^^^^^^^^^^^^^^^^
    |   File "C:\Users\User\PycharmProjects\NiceGuiReco\.venv\Lib\site-packages\starlette\middleware\base.py", line 168, in call_next
    |     raise app_exc from app_exc.__cause__ or app_exc.__context__
    |   File "C:\Users\User\PycharmProjects\NiceGuiReco\.venv\Lib\site-packages\starlette\middleware\base.py", line 144, in coro
    |     await self.app(scope, receive_or_disconnect, send_no_error)
    |   File "C:\Users\User\PycharmProjects\NiceGuiReco\.venv\Lib\site-packages\starlette\middleware\gzip.py", line 29, in __call__
    |     await responder(scope, receive, send)
    |   File "C:\Users\User\PycharmProjects\NiceGuiReco\.venv\Lib\site-packages\starlette\middleware\gzip.py", line 130, in __call__
    |     await super().__call__(scope, receive, send)
    |   File "C:\Users\User\PycharmProjects\NiceGuiReco\.venv\Lib\site-packages\starlette\middleware\gzip.py", line 46, in __call__
    |     await self.app(scope, receive, self.send_with_compression)
    |   File "C:\Users\User\PycharmProjects\NiceGuiReco\.venv\Lib\site-packages\starlette\middleware\exceptions.py", line 63, in __call__
    |     await wrap_app_handling_exceptions(self.app, conn)(scope, receive, send)
    |   File "C:\Users\User\PycharmProjects\NiceGuiReco\.venv\Lib\site-packages\starlette\_exception_handler.py", line 53, in wrapped_app
    |     raise exc
    |   File "C:\Users\User\PycharmProjects\NiceGuiReco\.venv\Lib\site-packages\starlette\_exception_handler.py", line 42, in wrapped_app
    |     await app(scope, receive, sender)
    |   File "C:\Users\User\PycharmProjects\NiceGuiReco\.venv\Lib\site-packages\fastapi\middleware\asyncexitstack.py", line 18, in __call__
    |     await self.app(scope, receive, send)
    |   File "C:\Users\User\PycharmProjects\NiceGuiReco\.venv\Lib\site-packages\starlette\routing.py", line 660, in __call__
    |     await self.middleware_stack(scope, receive, send)
    |   File "C:\Users\User\PycharmProjects\NiceGuiReco\.venv\Lib\site-packages\fastapi\routing.py", line 2683, in app
    |     await route.handle(scope, receive, send)
    |   File "C:\Users\User\PycharmProjects\NiceGuiReco\.venv\Lib\site-packages\fastapi\routing.py", line 1266, in handle
    |     await super().handle(scope, receive, send)
    |   File "C:\Users\User\PycharmProjects\NiceGuiReco\.venv\Lib\site-packages\starlette\routing.py", line 276, in handle
    |     await self.app(scope, receive, send)
    |   File "C:\Users\User\PycharmProjects\NiceGuiReco\.venv\Lib\site-packages\fastapi\routing.py", line 150, in app
    |     await wrap_app_handling_exceptions(app, request)(scope, receive, send)
    |   File "C:\Users\User\PycharmProjects\NiceGuiReco\.venv\Lib\site-packages\starlette\_exception_handler.py", line 53, in wrapped_app
    |     raise exc
    |   File "C:\Users\User\PycharmProjects\NiceGuiReco\.venv\Lib\site-packages\starlette\_exception_handler.py", line 42, in wrapped_app
    |     await app(scope, receive, sender)
    |   File "C:\Users\User\PycharmProjects\NiceGuiReco\.venv\Lib\site-packages\fastapi\routing.py", line 136, in app
    |     response = await f(request)
    |                ^^^^^^^^^^^^^^^^
    |   File "C:\Users\User\PycharmProjects\NiceGuiReco\.venv\Lib\site-packages\fastapi\routing.py", line 690, in app
    |     raw_response = await run_endpoint_function(
    |                    ^^^^^^^^^^^^^^^^^^^^^^^^^^^^
    |   File "C:\Users\User\PycharmProjects\NiceGuiReco\.venv\Lib\site-packages\fastapi\routing.py", line 344, in run_endpoint_function
    |     return await dependant.call(**values)
    |            ^^^^^^^^^^^^^^^^^^^^^^^^^^^^^^
    |   File "C:\Users\User\PycharmProjects\NiceGuiReco\.venv\Lib\site-packages\nicegui\page.py", line 121, in decorated
    |     result = func(*dec_args, **dec_kwargs)
    |              ^^^^^^^^^^^^^^^^^^^^^^^^^^^^^
    |   File "C:\Users\User\PycharmProjects\NiceGuiReco\main.py", line 203, in index_dashboard
    |     build_dashboard(config, config.web.port)
    |                             ^^^^^^^^^^
    |   File "C:\Users\User\PycharmProjects\NiceGuiReco\.venv\Lib\site-packages\pydantic\main.py", line 1042, in __getattr__
    |     raise AttributeError(f'{type(self).__name__!r} object has no attribute {item!r}')
    | AttributeError: 'AppConfig' object has no attribute 'web'
    +------------------------------------

The above exception was the direct cause of the following exception:

Traceback (most recent call last):
  File "C:\Users\User\PycharmProjects\NiceGuiReco\.venv\Lib\site-packages\starlette\middleware\errors.py", line 164, in __call__
    await self.app(scope, receive, _send)
  File "C:\Users\User\PycharmProjects\NiceGuiReco\.venv\Lib\site-packages\starlette\middleware\sessions.py", line 88, in __call__
    await self.app(scope, receive, send_wrapper)
  File "C:\Users\User\PycharmProjects\NiceGuiReco\.venv\Lib\site-packages\starlette\middleware\base.py", line 193, in __call__
    response = await self.dispatch_func(request, call_next)
               ^^^^^^^^^^^^^^^^^^^^^^^^^^^^^^^^^^^^^^^^^^^^
  File "C:\Users\User\PycharmProjects\NiceGuiReco\.venv\Lib\site-packages\nicegui\storage.py", line 34, in dispatch
    response = await call_next(request)
               ^^^^^^^^^^^^^^^^^^^^^^^^
  File "C:\Users\User\PycharmProjects\NiceGuiReco\.venv\Lib\site-packages\starlette\middleware\base.py", line 168, in call_next
    raise app_exc from app_exc.__cause__ or app_exc.__context__
  File "C:\Users\User\PycharmProjects\NiceGuiReco\.venv\Lib\site-packages\starlette\middleware\base.py", line 144, in coro
    await self.app(scope, receive_or_disconnect, send_no_error)
  File "C:\Users\User\PycharmProjects\NiceGuiReco\.venv\Lib\site-packages\starlette\middleware\base.py", line 193, in __call__
    response = await self.dispatch_func(request, call_next)
               ^^^^^^^^^^^^^^^^^^^^^^^^^^^^^^^^^^^^^^^^^^^^
  File "C:\Users\User\PycharmProjects\NiceGuiReco\.venv\Lib\site-packages\nicegui\middlewares.py", line 10, in dispatch
    response = await call_next(request)
               ^^^^^^^^^^^^^^^^^^^^^^^^
  File "C:\Users\User\PycharmProjects\NiceGuiReco\.venv\Lib\site-packages\starlette\middleware\base.py", line 168, in call_next
    raise app_exc from app_exc.__cause__ or app_exc.__context__
  File "C:\Users\User\PycharmProjects\NiceGuiReco\.venv\Lib\site-packages\starlette\middleware\base.py", line 144, in coro
    await self.app(scope, receive_or_disconnect, send_no_error)
  File "C:\Users\User\PycharmProjects\NiceGuiReco\.venv\Lib\site-packages\starlette\middleware\gzip.py", line 29, in __call__
    await responder(scope, receive, send)
  File "C:\Users\User\PycharmProjects\NiceGuiReco\.venv\Lib\site-packages\starlette\middleware\gzip.py", line 130, in __call__
    await super().__call__(scope, receive, send)
  File "C:\Users\User\PycharmProjects\NiceGuiReco\.venv\Lib\site-packages\starlette\middleware\gzip.py", line 46, in __call__
    await self.app(scope, receive, self.send_with_compression)
  File "C:\Users\User\PycharmProjects\NiceGuiReco\.venv\Lib\site-packages\starlette\middleware\exceptions.py", line 63, in __call__
    await wrap_app_handling_exceptions(self.app, conn)(scope, receive, send)
  File "C:\Users\User\PycharmProjects\NiceGuiReco\.venv\Lib\site-packages\starlette\_exception_handler.py", line 53, in wrapped_app
    raise exc
  File "C:\Users\User\PycharmProjects\NiceGuiReco\.venv\Lib\site-packages\starlette\_exception_handler.py", line 42, in wrapped_app
    await app(scope, receive, sender)
  File "C:\Users\User\PycharmProjects\NiceGuiReco\.venv\Lib\site-packages\fastapi\middleware\asyncexitstack.py", line 18, in __call__
    await self.app(scope, receive, send)
  File "C:\Users\User\PycharmProjects\NiceGuiReco\.venv\Lib\site-packages\starlette\routing.py", line 660, in __call__
    await self.middleware_stack(scope, receive, send)
  File "C:\Users\User\PycharmProjects\NiceGuiReco\.venv\Lib\site-packages\fastapi\routing.py", line 2683, in app
    await route.handle(scope, receive, send)
  File "C:\Users\User\PycharmProjects\NiceGuiReco\.venv\Lib\site-packages\fastapi\routing.py", line 1266, in handle
    await super().handle(scope, receive, send)
  File "C:\Users\User\PycharmProjects\NiceGuiReco\.venv\Lib\site-packages\starlette\routing.py", line 276, in handle
    await self.app(scope, receive, send)
  File "C:\Users\User\PycharmProjects\NiceGuiReco\.venv\Lib\site-packages\fastapi\routing.py", line 150, in app
    await wrap_app_handling_exceptions(app, request)(scope, receive, send)
  File "C:\Users\User\PycharmProjects\NiceGuiReco\.venv\Lib\site-packages\starlette\_exception_handler.py", line 53, in wrapped_app
    raise exc
  File "C:\Users\User\PycharmProjects\NiceGuiReco\.venv\Lib\site-packages\starlette\_exception_handler.py", line 42, in wrapped_app
    await app(scope, receive, sender)
  File "C:\Users\User\PycharmProjects\NiceGuiReco\.venv\Lib\site-packages\fastapi\routing.py", line 136, in app
    response = await f(request)
               ^^^^^^^^^^^^^^^^
  File "C:\Users\User\PycharmProjects\NiceGuiReco\.venv\Lib\site-packages\fastapi\routing.py", line 690, in app
    raw_response = await run_endpoint_function(
                   ^^^^^^^^^^^^^^^^^^^^^^^^^^^^
  File "C:\Users\User\PycharmProjects\NiceGuiReco\.venv\Lib\site-packages\fastapi\routing.py", line 344, in run_endpoint_function
    return await dependant.call(**values)
           ^^^^^^^^^^^^^^^^^^^^^^^^^^^^^^
  File "C:\Users\User\PycharmProjects\NiceGuiReco\.venv\Lib\site-packages\nicegui\page.py", line 121, in decorated
    result = func(*dec_args, **dec_kwargs)
             ^^^^^^^^^^^^^^^^^^^^^^^^^^^^^
  File "C:\Users\User\PycharmProjects\NiceGuiReco\main.py", line 203, in index_dashboard
    build_dashboard(config, config.web.port)
                            ^^^^^^^^^^
  File "C:\Users\User\PycharmProjects\NiceGuiReco\.venv\Lib\site-packages\pydantic\main.py", line 1042, in __getattr__
    raise AttributeError(f'{type(self).__name__!r} object has no attribute {item!r}')
AttributeError: 'AppConfig' object has no attribute 'web'
2026-07-08 08:39:47 | INFO     | NiceGuiRecoApp       | Client disconnected gracefully.
2026-07-08 08:39:47 | INFO     | web.websocket_manager | WebSocket connection removed. Total clients: 0
2026-07-08 08:39:54 | INFO     | NiceGuiRecoApp       | Stopping real-time services and releasing resources...
2026-07-08 08:39:54 | INFO     | NiceGuiRecoApp       | CV processing task was cancelled.
2026-07-08 08:39:54 | INFO     | services.camera      | Closing camera stream.
2026-07-08 08:39:55 | INFO     | services.camera      | Camera stream closed.
